<?xml version="1.0" encoding="UTF-8"?>
<testng-results skipped="0" failed="0" total="1" passed="1">
  <reporter-output>
  </reporter-output>
  <suite name="Suite" duration-ms="4921" started-at="2020-11-26T09:01:19Z" finished-at="2020-11-26T09:01:24Z">
    <groups>
    </groups>
    <test name="Test" duration-ms="4921" started-at="2020-11-26T09:01:19Z" finished-at="2020-11-26T09:01:24Z">
      <class name="tests.LoginTest">
        <test-method status="PASS" signature="fetchdata()[pri:0, instance:tests.LoginTest@5ed828d]" name="fetchdata" is-config="true" duration-ms="546" started-at="2020-11-26T09:01:19Z" finished-at="2020-11-26T09:01:19Z">
          <reporter-output>
          </reporter-output>
        </test-method> <!-- fetchdata -->
        <test-method status="PASS" signature="setup()[pri:0, instance:tests.LoginTest@5ed828d]" name="setup" is-config="true" duration-ms="2601" started-at="2020-11-26T09:01:19Z" finished-at="2020-11-26T09:01:22Z">
          <reporter-output>
          </reporter-output>
        </test-method> <!-- setup -->
        <test-method status="PASS" signature="login()[pri:0, instance:tests.LoginTest@5ed828d]" name="login" duration-ms="1767" started-at="2020-11-26T09:01:22Z" finished-at="2020-11-26T09:01:24Z">
          <reporter-output>
          </reporter-output>
        </test-method> <!-- login -->
      </class> <!-- tests.LoginTest -->
    </test> <!-- Test -->
  </suite> <!-- Suite -->
</testng-results>
