<?xml version="1.0" encoding="UTF-8"?>
<testng-results skipped="0" failed="0" ignored="0" total="1" passed="1">
  <reporter-output>
  </reporter-output>
  <suite name="Default suite" duration-ms="23418" started-at="2020-11-26T08:57:21 UTC" finished-at="2020-11-26T08:57:44 UTC">
    <groups>
    </groups>
    <test name="Default test" duration-ms="23418" started-at="2020-11-26T08:57:21 UTC" finished-at="2020-11-26T08:57:44 UTC">
      <class name="tests.LoginTest">
        <test-method status="PASS" signature="fetchdata()[pri:0, instance:tests.LoginTest@74650e52]" name="fetchdata" is-config="true" duration-ms="1694" started-at="2020-11-26T08:57:21 UTC" finished-at="2020-11-26T08:57:23 UTC">
          <reporter-output>
          </reporter-output>
        </test-method> <!-- fetchdata -->
        <test-method status="PASS" signature="setup()[pri:0, instance:tests.LoginTest@74650e52]" name="setup" is-config="true" duration-ms="19468" started-at="2020-11-26T08:57:23 UTC" finished-at="2020-11-26T08:57:42 UTC">
          <reporter-output>
          </reporter-output>
        </test-method> <!-- setup -->
        <test-method status="PASS" signature="login()[pri:0, instance:tests.LoginTest@74650e52]" name="login" duration-ms="2228" started-at="2020-11-26T08:57:42 UTC" finished-at="2020-11-26T08:57:44 UTC">
          <reporter-output>
          </reporter-output>
        </test-method> <!-- login -->
      </class> <!-- tests.LoginTest -->
    </test> <!-- Default test -->
  </suite> <!-- Default suite -->
</testng-results>
